[debug] [2020-02-19T17:06:28.281Z] ----------------------------------------------------------------------
[debug] [2020-02-19T17:06:28.283Z] Command:       C:\Program Files\nodejs\node.exe C:\Users\aamato\AppData\Roaming\npm\node_modules\firebase-tools\lib\bin\firebase.js init
[debug] [2020-02-19T17:06:28.283Z] CLI Version:   7.13.1
[debug] [2020-02-19T17:06:28.283Z] Platform:      win32
[debug] [2020-02-19T17:06:28.284Z] Node Version:  v12.16.0
[debug] [2020-02-19T17:06:28.285Z] Time:          Wed Feb 19 2020 14:06:28 GMT-0300 (GMT-03:00)
[debug] [2020-02-19T17:06:28.285Z] ----------------------------------------------------------------------
[debug] [2020-02-19T17:06:28.285Z] 
[debug] [2020-02-19T17:06:28.298Z] > command requires scopes: ["email","openid","https://www.googleapis.com/auth/cloudplatformprojects.readonly","https://www.googleapis.com/auth/firebase","https://www.googleapis.com/auth/cloud-platform"]
[debug] [2020-02-19T17:06:28.299Z] > authorizing via signed-in user
[info] 
     ######## #### ########  ######## ########     ###     ######  ########
     ##        ##  ##     ## ##       ##     ##  ##   ##  ##       ##
     ######    ##  ########  ######   ########  #########  ######  ######
     ##        ##  ##    ##  ##       ##     ## ##     ##       ## ##
     ##       #### ##     ## ######## ########  ##     ##  ######  ########

You're about to initialize a Firebase project in this directory:

  C:\Users\aamato\cursos-web\Curso_Vue\13_auth

[info] 
=== Project Setup
[info] 
[info] First, let's associate this project directory with a Firebase project.
[info] You can create multiple project aliases by running firebase use --add, 
[info] but for now we'll just set up a default project.
[info] 
[debug] [2020-02-19T17:07:01.760Z] >>> HTTP REQUEST GET https://firebase.googleapis.com/v1beta1/projects?pageSize=100  
 
[debug] [2020-02-19T17:07:02.177Z] <<< HTTP RESPONSE 200
[info] i  Using project auth-c8e8b (13-auth)
[info] 
=== Database Setup
[info] 
[info] Firebase Realtime Database Rules allow you to define how your data should be
[info] structured and when your data can be read from and written to.
[info] 
[info] Skipping overwrite of Database Rules.
[info] The rules defined in database.rules.json will be published when you do firebase deploy.
[info] 
=== Hosting Setup
[info] 
[info] Your public directory is the folder (relative to your project directory) that
[info] will contain Hosting assets to be uploaded with firebase deploy. If you
[info] have a build process for your assets, use your build's output directory.
[info] 
